
Wed Jan 24 2018 17:25:09 GMT+0100 (CET)-FIND SUCESSFULLY
Wed Jan 24 2018 17:30:49 GMT+0100 (CET)-FIND SUCESSFULLY
Wed Jan 24 2018 17:30:56 GMT+0100 (CET)-FIND ERROR CastError: Cast to ObjectId failed for value "1" at path "_id" for model "Tasks"
Wed Jan 24 2018 17:30:56 GMT+0100 (CET)-FIND SUCESSFULLY
Wed Jan 24 2018 17:31:40 GMT+0100 (CET)-FIND SUCESSFULLY
Thu Jan 25 2018 09:23:35 GMT+0100 (CET)-FIND SUCESSFULLY
Thu Jan 25 2018 09:24:52 GMT+0100 (CET)-FIND SUCESSFULLY
Thu Jan 25 2018 09:26:48 GMT+0100 (CET)-FIND SUCESSFULLY
Thu Jan 25 2018 09:28:25 GMT+0100 (CET)-FIND SUCESSFULLY
Thu Jan 25 2018 09:28:34 GMT+0100 (CET)-FIND SUCESSFULLY
Thu Jan 25 2018 09:29:38 GMT+0100 (CET)-FIND SUCESSFULLY
Thu Jan 25 2018 09:29:42 GMT+0100 (CET)-FIND SUCESSFULLY
Thu Jan 25 2018 09:37:18 GMT+0100 (CET)-FIND SUCESSFULLY
Thu Jan 25 2018 09:37:57 GMT+0100 (CET)-FIND SUCESSFULLY
Thu Jan 25 2018 09:38:40 GMT+0100 (CET)-FIND SUCESSFULLY
Thu Jan 25 2018 09:40:58 GMT+0100 (CET)-FIND SUCESSFULLY
Thu Jan 25 2018 09:43:41 GMT+0100 (CET)-FIND SUCESSFULLY
Thu Jan 25 2018 09:43:53 GMT+0100 (CET)-FIND SUCESSFULLY
Thu Jan 25 2018 09:44:16 GMT+0100 (CET)-FIND SUCESSFULLY
Thu Jan 25 2018 09:47:52 GMT+0100 (CET)-FIND SUCESSFULLY
Thu Jan 25 2018 09:49:16 GMT+0100 (CET)-FIND SUCESSFULLY
Thu Jan 25 2018 09:49:38 GMT+0100 (CET)-FIND SUCESSFULLY
Thu Jan 25 2018 09:50:44 GMT+0100 (CET)-FIND SUCESSFULLY
Thu Jan 25 2018 09:50:50 GMT+0100 (CET)-FIND SUCESSFULLY
Thu Jan 25 2018 09:51:05 GMT+0100 (CET)-FIND SUCESSFULLY
Thu Jan 25 2018 09:51:08 GMT+0100 (CET)-FIND SUCESSFULLY
Thu Jan 25 2018 10:08:05 GMT+0100 (CET)-FIND SUCESSFULLY
Thu Jan 25 2018 12:05:32 GMT+0100 (CET)-FIND SUCESSFULLY
Thu Jan 25 2018 12:06:42 GMT+0100 (CET)-FIND SUCESSFULLY
Thu Jan 25 2018 12:06:46 GMT+0100 (CET)-FIND SUCESSFULLY
Thu Jan 25 2018 12:07:47 GMT+0100 (CET)-FIND SUCESSFULLY
Thu Jan 25 2018 12:14:37 GMT+0100 (CET)-FIND SUCESSFULLY
Thu Jan 25 2018 12:18:40 GMT+0100 (CET)-FIND SUCESSFULLY
Thu Jan 25 2018 12:30:11 GMT+0100 (CET)-FIND SUCESSFULLY
Thu Jan 25 2018 12:30:17 GMT+0100 (CET)-FIND SUCESSFULLY
Thu Jan 25 2018 12:30:40 GMT+0100 (CET)-FIND SUCESSFULLY
Thu Jan 25 2018 12:30:45 GMT+0100 (CET)-FIND SUCESSFULLY
Thu Jan 25 2018 12:31:00 GMT+0100 (CET)-FIND SUCESSFULLY
Thu Jan 25 2018 12:31:05 GMT+0100 (CET)-FIND SUCESSFULLY
Thu Jan 25 2018 12:31:56 GMT+0100 (CET)-FIND SUCESSFULLY
Thu Jan 25 2018 12:32:22 GMT+0100 (CET)-FIND SUCESSFULLY
Thu Jan 25 2018 12:32:56 GMT+0100 (CET)-FIND SUCESSFULLY
Thu Jan 25 2018 12:33:20 GMT+0100 (CET)-FIND SUCESSFULLY
Thu Jan 25 2018 12:34:14 GMT+0100 (CET)-FIND SUCESSFULLY
Thu Jan 25 2018 12:34:32 GMT+0100 (CET)-FIND SUCESSFULLY
Thu Jan 25 2018 12:35:32 GMT+0100 (CET)-FIND SUCESSFULLY
Thu Jan 25 2018 12:36:36 GMT+0100 (CET)-FIND SUCESSFULLY
Thu Jan 25 2018 12:40:46 GMT+0100 (CET)-FIND SUCESSFULLY
Thu Jan 25 2018 12:41:56 GMT+0100 (CET)-FIND SUCESSFULLY
Thu Jan 25 2018 12:42:06 GMT+0100 (CET)-FIND SUCESSFULLY
Thu Jan 25 2018 12:42:18 GMT+0100 (CET)-FIND SUCESSFULLY
Thu Jan 25 2018 12:42:51 GMT+0100 (CET)-FIND SUCESSFULLY
Thu Jan 25 2018 12:43:18 GMT+0100 (CET)-FIND SUCESSFULLY
Thu Jan 25 2018 13:59:12 GMT+0100 (CET)-FIND SUCESSFULLY
Thu Jan 25 2018 13:59:17 GMT+0100 (CET)-FIND SUCESSFULLY
Thu Jan 25 2018 14:01:32 GMT+0100 (CET)-FIND SUCESSFULLY
Thu Jan 25 2018 14:02:15 GMT+0100 (CET)-FIND SUCESSFULLY
Thu Jan 25 2018 14:04:48 GMT+0100 (CET)-FIND SUCESSFULLY
Thu Jan 25 2018 14:44:23 GMT+0100 (CET)-FIND SUCESSFULLY
Thu Jan 25 2018 14:44:46 GMT+0100 (CET)-FIND SUCESSFULLY
Thu Jan 25 2018 14:50:44 GMT+0100 (CET)-FIND SUCESSFULLY
Thu Jan 25 2018 15:00:49 GMT+0100 (CET)-FIND SUCESSFULLY
Thu Jan 25 2018 15:05:25 GMT+0100 (CET)-FIND SUCESSFULLY
Thu Jan 25 2018 15:07:32 GMT+0100 (CET)-FIND SUCESSFULLY
Thu Jan 25 2018 15:11:06 GMT+0100 (CET)-FIND SUCESSFULLY
Thu Jan 25 2018 15:12:49 GMT+0100 (CET)-FIND SUCESSFULLY
Thu Jan 25 2018 15:13:38 GMT+0100 (CET)-FIND SUCESSFULLY
Thu Jan 25 2018 15:13:41 GMT+0100 (CET)-FIND SUCESSFULLY
Thu Jan 25 2018 15:14:53 GMT+0100 (CET)-FIND SUCESSFULLY
Thu Jan 25 2018 15:15:38 GMT+0100 (CET)-FIND SUCESSFULLY
Thu Jan 25 2018 15:16:13 GMT+0100 (CET)-FIND SUCESSFULLY
Thu Jan 25 2018 15:16:38 GMT+0100 (CET)-FIND SUCESSFULLY
Thu Jan 25 2018 15:21:37 GMT+0100 (CET)-FIND SUCESSFULLY
Thu Jan 25 2018 15:21:41 GMT+0100 (CET)-FIND SUCESSFULLY
Thu Jan 25 2018 15:32:28 GMT+0100 (CET)-FIND ERROR CastError: Cast to ObjectId failed for value "undefined" at path "_id" for model "Tasks"
Thu Jan 25 2018 15:32:28 GMT+0100 (CET)-FIND SUCESSFULLY
Thu Jan 25 2018 15:32:43 GMT+0100 (CET)-FIND ERROR CastError: Cast to ObjectId failed for value "undefined" at path "_id" for model "Tasks"
Thu Jan 25 2018 15:32:43 GMT+0100 (CET)-FIND SUCESSFULLY
Thu Jan 25 2018 15:33:22 GMT+0100 (CET)-FIND ERROR CastError: Cast to ObjectId failed for value "undefined" at path "_id" for model "Tasks"
Thu Jan 25 2018 15:33:22 GMT+0100 (CET)-FIND SUCESSFULLY
Thu Jan 25 2018 15:33:27 GMT+0100 (CET)-FIND ERROR CastError: Cast to ObjectId failed for value "undefined" at path "_id" for model "Tasks"
Thu Jan 25 2018 15:33:27 GMT+0100 (CET)-FIND SUCESSFULLY
Thu Jan 25 2018 15:33:45 GMT+0100 (CET)-FIND SUCESSFULLY
Thu Jan 25 2018 15:34:43 GMT+0100 (CET)-FIND SUCESSFULLY
Thu Jan 25 2018 15:34:48 GMT+0100 (CET)-FIND SUCESSFULLY
Thu Jan 25 2018 15:34:51 GMT+0100 (CET)-FIND SUCESSFULLY
Thu Jan 25 2018 15:42:46 GMT+0100 (CET)-FIND SUCESSFULLY
Thu Jan 25 2018 15:42:52 GMT+0100 (CET)-FIND ERROR CastError: Cast to ObjectId failed for value "undefined" at path "_id" for model "Tasks"
Thu Jan 25 2018 15:42:52 GMT+0100 (CET)-FIND SUCESSFULLY
Thu Jan 25 2018 15:44:34 GMT+0100 (CET)-FIND ERROR CastError: Cast to ObjectId failed for value "[object Object]" at path "_id" for model "Tasks"
Thu Jan 25 2018 15:44:34 GMT+0100 (CET)-FIND SUCESSFULLY
Thu Jan 25 2018 15:44:57 GMT+0100 (CET)-FIND SUCESSFULLY
Thu Jan 25 2018 15:45:40 GMT+0100 (CET)-FIND SUCESSFULLY
Thu Jan 25 2018 15:47:22 GMT+0100 (CET)-FIND SUCESSFULLY
Thu Jan 25 2018 15:47:48 GMT+0100 (CET)-FIND SUCESSFULLY
Thu Jan 25 2018 15:48:39 GMT+0100 (CET)-FIND SUCESSFULLY
Thu Jan 25 2018 15:48:57 GMT+0100 (CET)-FIND SUCESSFULLY
Thu Jan 25 2018 15:49:05 GMT+0100 (CET)-FIND SUCESSFULLY
Thu Jan 25 2018 16:03:52 GMT+0100 (CET)-FIND SUCESSFULLY
Thu Jan 25 2018 16:04:28 GMT+0100 (CET)-FIND SUCESSFULLY
Thu Jan 25 2018 16:04:53 GMT+0100 (CET)-FIND SUCESSFULLY
Thu Jan 25 2018 16:10:51 GMT+0100 (CET)-FIND SUCESSFULLY
Thu Jan 25 2018 16:18:30 GMT+0100 (CET)-FIND SUCESSFULLY
Thu Jan 25 2018 16:28:40 GMT+0100 (CET)-FIND SUCESSFULLY
Thu Jan 25 2018 16:40:11 GMT+0100 (CET)-FIND SUCESSFULLY
Thu Jan 25 2018 16:42:48 GMT+0100 (CET)-FIND SUCESSFULLY
Thu Jan 25 2018 17:12:24 GMT+0100 (CET)-FIND SUCESSFULLY
Thu Jan 25 2018 17:14:22 GMT+0100 (CET)-FIND SUCESSFULLY
Thu Jan 25 2018 17:15:17 GMT+0100 (CET)-FIND SUCESSFULLY
Thu Jan 25 2018 17:20:18 GMT+0100 (CET)-FIND SUCESSFULLY
Thu Jan 25 2018 17:21:13 GMT+0100 (CET)-FIND SUCESSFULLY
Thu Jan 25 2018 17:21:20 GMT+0100 (CET)-FIND SUCESSFULLY
Thu Jan 25 2018 17:21:51 GMT+0100 (CET)-FIND SUCESSFULLY
Thu Jan 25 2018 17:22:22 GMT+0100 (CET)-FIND SUCESSFULLY
Thu Jan 25 2018 17:22:28 GMT+0100 (CET)-FIND SUCESSFULLY
Thu Jan 25 2018 17:25:31 GMT+0100 (CET)-FIND SUCESSFULLY
Thu Jan 25 2018 17:25:56 GMT+0100 (CET)-FIND SUCESSFULLY
Thu Jan 25 2018 17:26:30 GMT+0100 (CET)-FIND SUCESSFULLY
Thu Jan 25 2018 17:27:52 GMT+0100 (CET)-FIND SUCESSFULLY
Thu Jan 25 2018 17:29:06 GMT+0100 (CET)-FIND SUCESSFULLY
Thu Jan 25 2018 17:29:55 GMT+0100 (CET)-FIND SUCESSFULLY
Thu Jan 25 2018 17:30:24 GMT+0100 (CET)-FIND SUCESSFULLY
Thu Jan 25 2018 17:31:08 GMT+0100 (CET)-FIND SUCESSFULLY
Thu Jan 25 2018 17:31:44 GMT+0100 (CET)-FIND SUCESSFULLY
Thu Jan 25 2018 17:31:56 GMT+0100 (CET)-FIND SUCESSFULLY
Thu Jan 25 2018 17:32:38 GMT+0100 (CET)-FIND SUCESSFULLY
Thu Jan 25 2018 17:33:02 GMT+0100 (CET)-FIND SUCESSFULLY
Thu Jan 25 2018 17:33:35 GMT+0100 (CET)-FIND SUCESSFULLY
Thu Jan 25 2018 17:36:02 GMT+0100 (CET)-FIND SUCESSFULLY
Thu Jan 25 2018 17:38:08 GMT+0100 (CET)-FIND SUCESSFULLY
Thu Jan 25 2018 17:38:56 GMT+0100 (CET)-FIND SUCESSFULLY
Thu Jan 25 2018 17:39:02 GMT+0100 (CET)-FIND SUCESSFULLY
Thu Jan 25 2018 17:40:02 GMT+0100 (CET)-FIND SUCESSFULLY
Fri Jan 26 2018 09:16:47 GMT+0100 (CET)-FIND SUCESSFULLY
Fri Jan 26 2018 09:16:53 GMT+0100 (CET)-FIND SUCESSFULLY
Fri Jan 26 2018 09:17:13 GMT+0100 (CET)-FIND SUCESSFULLY
Fri Jan 26 2018 09:24:21 GMT+0100 (CET)-FIND SUCESSFULLY
Fri Jan 26 2018 09:24:33 GMT+0100 (CET)-FIND SUCESSFULLY
Fri Jan 26 2018 09:24:44 GMT+0100 (CET)-FIND SUCESSFULLY
Fri Jan 26 2018 09:25:25 GMT+0100 (CET)-FIND SUCESSFULLY
Fri Jan 26 2018 09:27:22 GMT+0100 (CET)-FIND SUCESSFULLY
Fri Jan 26 2018 09:30:13 GMT+0100 (CET)-FIND SUCESSFULLY
Fri Jan 26 2018 09:30:21 GMT+0100 (CET)-FIND SUCESSFULLY
Fri Jan 26 2018 09:41:58 GMT+0100 (CET)-FIND SUCESSFULLY
Fri Jan 26 2018 09:42:42 GMT+0100 (CET)-FIND SUCESSFULLY
Fri Jan 26 2018 09:42:52 GMT+0100 (CET)-FIND SUCESSFULLY
Fri Jan 26 2018 09:43:32 GMT+0100 (CET)-FIND SUCESSFULLY
Fri Jan 26 2018 09:44:07 GMT+0100 (CET)-FIND SUCESSFULLY
Fri Jan 26 2018 09:45:00 GMT+0100 (CET)-FIND SUCESSFULLY
Fri Jan 26 2018 09:45:14 GMT+0100 (CET)-FIND SUCESSFULLY
Fri Jan 26 2018 09:46:29 GMT+0100 (CET)-FIND SUCESSFULLY
Fri Jan 26 2018 09:47:29 GMT+0100 (CET)-FIND SUCESSFULLY
Fri Jan 26 2018 09:47:45 GMT+0100 (CET)-FIND SUCESSFULLY
Fri Jan 26 2018 09:48:06 GMT+0100 (CET)-FIND SUCESSFULLY
Fri Jan 26 2018 09:48:18 GMT+0100 (CET)-FIND SUCESSFULLY
Fri Jan 26 2018 09:48:34 GMT+0100 (CET)-FIND SUCESSFULLY
Fri Jan 26 2018 09:50:40 GMT+0100 (CET)-FIND SUCESSFULLY
Fri Jan 26 2018 09:50:43 GMT+0100 (CET)-FIND SUCESSFULLY
Fri Jan 26 2018 09:52:03 GMT+0100 (CET)-FIND SUCESSFULLY
Fri Jan 26 2018 09:52:10 GMT+0100 (CET)-FIND SUCESSFULLY
Fri Jan 26 2018 09:58:46 GMT+0100 (CET)-FIND SUCESSFULLY
Fri Jan 26 2018 09:59:30 GMT+0100 (CET)-FIND SUCESSFULLY
Fri Jan 26 2018 10:06:03 GMT+0100 (CET)-FIND SUCESSFULLY
Fri Jan 26 2018 10:09:17 GMT+0100 (CET)-FIND SUCESSFULLY
Fri Jan 26 2018 10:09:22 GMT+0100 (CET)-FIND SUCESSFULLY
Fri Jan 26 2018 10:10:22 GMT+0100 (CET)-FIND SUCESSFULLY
Fri Jan 26 2018 10:10:28 GMT+0100 (CET)-FIND SUCESSFULLY
Fri Jan 26 2018 10:10:43 GMT+0100 (CET)-FIND SUCESSFULLY
Fri Jan 26 2018 10:11:01 GMT+0100 (CET)-FIND SUCESSFULLY
Fri Jan 26 2018 10:11:02 GMT+0100 (CET)-FIND SUCESSFULLY
Fri Jan 26 2018 10:12:57 GMT+0100 (CET)-FIND SUCESSFULLY
Fri Jan 26 2018 10:13:37 GMT+0100 (CET)-FIND SUCESSFULLY
Fri Jan 26 2018 10:15:37 GMT+0100 (CET)-FIND SUCESSFULLY
Fri Jan 26 2018 10:16:00 GMT+0100 (CET)-FIND SUCESSFULLY
Fri Jan 26 2018 10:16:08 GMT+0100 (CET)-FIND SUCESSFULLY
Fri Jan 26 2018 10:18:17 GMT+0100 (CET)-FIND SUCESSFULLY
Fri Jan 26 2018 10:18:20 GMT+0100 (CET)-FIND SUCESSFULLY
Fri Jan 26 2018 10:19:37 GMT+0100 (CET)-FIND SUCESSFULLY
Fri Jan 26 2018 10:19:56 GMT+0100 (CET)-FIND SUCESSFULLY
Fri Jan 26 2018 10:20:14 GMT+0100 (CET)-FIND SUCESSFULLY
Fri Jan 26 2018 10:22:27 GMT+0100 (CET)-FIND SUCESSFULLY
Fri Jan 26 2018 10:23:14 GMT+0100 (CET)-FIND SUCESSFULLY
Fri Jan 26 2018 10:24:17 GMT+0100 (CET)-FIND SUCESSFULLY
Fri Jan 26 2018 10:25:12 GMT+0100 (CET)-FIND SUCESSFULLY
Fri Jan 26 2018 10:25:39 GMT+0100 (CET)-FIND SUCESSFULLY
Fri Jan 26 2018 10:26:24 GMT+0100 (CET)-FIND SUCESSFULLY
Fri Jan 26 2018 10:27:16 GMT+0100 (CET)-FIND SUCESSFULLY
Fri Jan 26 2018 10:27:34 GMT+0100 (CET)-FIND SUCESSFULLY
Fri Jan 26 2018 10:27:52 GMT+0100 (CET)-FIND SUCESSFULLY
Fri Jan 26 2018 10:29:45 GMT+0100 (CET)-FIND SUCESSFULLY
Fri Jan 26 2018 10:30:02 GMT+0100 (CET)-FIND SUCESSFULLY
Fri Jan 26 2018 10:31:30 GMT+0100 (CET)-FIND SUCESSFULLY
Fri Jan 26 2018 10:31:37 GMT+0100 (CET)-FIND SUCESSFULLY
Fri Jan 26 2018 10:33:59 GMT+0100 (CET)-FIND SUCESSFULLY
Fri Jan 26 2018 10:34:28 GMT+0100 (CET)-FIND SUCESSFULLY
Fri Jan 26 2018 10:35:15 GMT+0100 (CET)-FIND SUCESSFULLY
Fri Jan 26 2018 10:36:29 GMT+0100 (CET)-FIND SUCESSFULLY
Fri Jan 26 2018 10:37:35 GMT+0100 (CET)-FIND SUCESSFULLY
Fri Jan 26 2018 10:37:40 GMT+0100 (CET)-FIND SUCESSFULLY
Fri Jan 26 2018 10:38:04 GMT+0100 (CET)-FIND SUCESSFULLY
Fri Jan 26 2018 10:39:47 GMT+0100 (CET)-FIND SUCESSFULLY
Fri Jan 26 2018 10:39:56 GMT+0100 (CET)-FIND SUCESSFULLY
Fri Jan 26 2018 10:39:56 GMT+0100 (CET)-FIND SUCESSFULLY
Fri Jan 26 2018 10:40:01 GMT+0100 (CET)-FIND SUCESSFULLY
Fri Jan 26 2018 10:40:03 GMT+0100 (CET)-FIND SUCESSFULLY
Fri Jan 26 2018 10:40:13 GMT+0100 (CET)-FIND SUCESSFULLY
Fri Jan 26 2018 10:40:23 GMT+0100 (CET)-FIND SUCESSFULLY
Fri Jan 26 2018 10:40:24 GMT+0100 (CET)-FIND SUCESSFULLY
Fri Jan 26 2018 10:40:29 GMT+0100 (CET)-FIND SUCESSFULLY
Fri Jan 26 2018 10:40:38 GMT+0100 (CET)-FIND SUCESSFULLY
Fri Jan 26 2018 10:40:38 GMT+0100 (CET)-FIND SUCESSFULLY
Fri Jan 26 2018 10:42:18 GMT+0100 (CET)-FIND SUCESSFULLY
Fri Jan 26 2018 10:42:49 GMT+0100 (CET)-FIND SUCESSFULLY
Fri Jan 26 2018 10:42:54 GMT+0100 (CET)-FIND SUCESSFULLY
Fri Jan 26 2018 10:43:02 GMT+0100 (CET)-FIND SUCESSFULLY
Fri Jan 26 2018 10:44:44 GMT+0100 (CET)-FIND SUCESSFULLY
Fri Jan 26 2018 10:45:44 GMT+0100 (CET)-FIND SUCESSFULLY
Fri Jan 26 2018 10:45:54 GMT+0100 (CET)-FIND SUCESSFULLY
Fri Jan 26 2018 10:46:01 GMT+0100 (CET)-FIND SUCESSFULLY
Fri Jan 26 2018 10:46:01 GMT+0100 (CET)-FIND SUCESSFULLY
Fri Jan 26 2018 10:46:04 GMT+0100 (CET)-FIND SUCESSFULLY
Fri Jan 26 2018 10:47:32 GMT+0100 (CET)-FIND SUCESSFULLY
Fri Jan 26 2018 10:47:44 GMT+0100 (CET)-FIND SUCESSFULLY
Fri Jan 26 2018 10:47:53 GMT+0100 (CET)-FIND SUCESSFULLY
Fri Jan 26 2018 10:48:01 GMT+0100 (CET)-FIND SUCESSFULLY
Fri Jan 26 2018 10:48:07 GMT+0100 (CET)-FIND SUCESSFULLY
Fri Jan 26 2018 10:48:25 GMT+0100 (CET)-FIND SUCESSFULLY
Fri Jan 26 2018 10:48:34 GMT+0100 (CET)-FIND SUCESSFULLY
Fri Jan 26 2018 10:48:37 GMT+0100 (CET)-FIND SUCESSFULLY
Fri Jan 26 2018 10:49:02 GMT+0100 (CET)-FIND SUCESSFULLY
Fri Jan 26 2018 10:49:19 GMT+0100 (CET)-FIND SUCESSFULLY
Fri Jan 26 2018 10:49:41 GMT+0100 (CET)-FIND SUCESSFULLY
Fri Jan 26 2018 10:49:48 GMT+0100 (CET)-FIND SUCESSFULLY
Fri Jan 26 2018 10:50:32 GMT+0100 (CET)-FIND SUCESSFULLY
Fri Jan 26 2018 10:50:41 GMT+0100 (CET)-FIND SUCESSFULLY
Fri Jan 26 2018 10:52:12 GMT+0100 (CET)-FIND SUCESSFULLY
Fri Jan 26 2018 10:52:17 GMT+0100 (CET)-FIND SUCESSFULLY
Fri Jan 26 2018 10:52:28 GMT+0100 (CET)-FIND SUCESSFULLY
Fri Jan 26 2018 10:52:29 GMT+0100 (CET)-FIND SUCESSFULLY
Fri Jan 26 2018 10:55:16 GMT+0100 (CET)-FIND SUCESSFULLY
Fri Jan 26 2018 10:57:36 GMT+0100 (CET)-FIND SUCESSFULLY
Fri Jan 26 2018 10:59:30 GMT+0100 (CET)-FIND SUCESSFULLY
Fri Jan 26 2018 10:59:38 GMT+0100 (CET)-FIND SUCESSFULLY
Fri Jan 26 2018 11:05:44 GMT+0100 (CET)-FIND SUCESSFULLY
Fri Jan 26 2018 11:11:23 GMT+0100 (CET)-FIND SUCESSFULLY
Fri Jan 26 2018 11:11:29 GMT+0100 (CET)-FIND SUCESSFULLY
Fri Jan 26 2018 11:12:07 GMT+0100 (CET)-FIND SUCESSFULLY
Fri Jan 26 2018 11:12:10 GMT+0100 (CET)-FIND SUCESSFULLY
Fri Jan 26 2018 11:12:32 GMT+0100 (CET)-FIND SUCESSFULLY
Fri Jan 26 2018 11:14:56 GMT+0100 (CET)-FIND SUCESSFULLY
Fri Jan 26 2018 11:15:25 GMT+0100 (CET)-FIND SUCESSFULLY
Fri Jan 26 2018 11:15:51 GMT+0100 (CET)-FIND SUCESSFULLY
Fri Jan 26 2018 11:15:57 GMT+0100 (CET)-FIND SUCESSFULLY
Fri Jan 26 2018 11:16:55 GMT+0100 (CET)-FIND SUCESSFULLY
Fri Jan 26 2018 11:18:12 GMT+0100 (CET)-FIND SUCESSFULLY
Fri Jan 26 2018 11:18:25 GMT+0100 (CET)-FIND SUCESSFULLY
Fri Jan 26 2018 11:19:16 GMT+0100 (CET)-FIND SUCESSFULLY
Fri Jan 26 2018 11:20:26 GMT+0100 (CET)-FIND SUCESSFULLY
Fri Jan 26 2018 11:22:32 GMT+0100 (CET)-FIND SUCESSFULLY
Fri Jan 26 2018 11:22:53 GMT+0100 (CET)-FIND SUCESSFULLY
Fri Jan 26 2018 11:22:54 GMT+0100 (CET)-FIND SUCESSFULLY
Fri Jan 26 2018 11:24:04 GMT+0100 (CET)-FIND SUCESSFULLY
Fri Jan 26 2018 11:25:23 GMT+0100 (CET)-FIND SUCESSFULLY
Fri Jan 26 2018 11:25:41 GMT+0100 (CET)-FIND SUCESSFULLY
Fri Jan 26 2018 11:31:03 GMT+0100 (CET)-FIND SUCESSFULLY
Fri Jan 26 2018 11:31:27 GMT+0100 (CET)-FIND SUCESSFULLY
Fri Jan 26 2018 11:41:27 GMT+0100 (CET)-FIND SUCESSFULLY
Fri Jan 26 2018 11:44:37 GMT+0100 (CET)-FIND SUCESSFULLY
Fri Jan 26 2018 11:45:45 GMT+0100 (CET)-FIND SUCESSFULLY
Fri Jan 26 2018 11:45:49 GMT+0100 (CET)-FIND SUCESSFULLY
Fri Jan 26 2018 11:52:35 GMT+0100 (CET)-FIND SUCESSFULLY
Fri Jan 26 2018 11:53:04 GMT+0100 (CET)-FIND SUCESSFULLY
Fri Jan 26 2018 11:53:12 GMT+0100 (CET)-FIND SUCESSFULLY
Fri Jan 26 2018 11:53:35 GMT+0100 (CET)-FIND SUCESSFULLY
Fri Jan 26 2018 11:54:14 GMT+0100 (CET)-FIND SUCESSFULLY
Fri Jan 26 2018 11:55:26 GMT+0100 (CET)-FIND SUCESSFULLY
Fri Jan 26 2018 11:55:44 GMT+0100 (CET)-FIND SUCESSFULLY
Fri Jan 26 2018 11:56:05 GMT+0100 (CET)-FIND SUCESSFULLY
Fri Jan 26 2018 11:56:26 GMT+0100 (CET)-FIND SUCESSFULLY
Fri Jan 26 2018 11:57:12 GMT+0100 (CET)-FIND SUCESSFULLY
Fri Jan 26 2018 12:07:13 GMT+0100 (CET)-FIND SUCESSFULLY
Fri Jan 26 2018 12:07:17 GMT+0100 (CET)-FIND SUCESSFULLY
Fri Jan 26 2018 12:07:35 GMT+0100 (CET)-FIND SUCESSFULLY
Fri Jan 26 2018 12:07:40 GMT+0100 (CET)-FIND SUCESSFULLY
Fri Jan 26 2018 12:08:01 GMT+0100 (CET)-FIND SUCESSFULLY
Fri Jan 26 2018 12:09:06 GMT+0100 (CET)-FIND SUCESSFULLY
Fri Jan 26 2018 12:09:27 GMT+0100 (CET)-FIND SUCESSFULLY
Fri Jan 26 2018 12:09:32 GMT+0100 (CET)-FIND SUCESSFULLY
Fri Jan 26 2018 12:22:46 GMT+0100 (CET)-FIND SUCESSFULLY
Fri Jan 26 2018 12:28:12 GMT+0100 (CET)-FIND SUCESSFULLY
Fri Jan 26 2018 12:29:26 GMT+0100 (CET)-FIND SUCESSFULLY
Fri Jan 26 2018 12:29:47 GMT+0100 (CET)-FIND SUCESSFULLY
Fri Jan 26 2018 12:29:55 GMT+0100 (CET)-FIND SUCESSFULLY
Fri Jan 26 2018 12:29:55 GMT+0100 (CET)-FIND SUCESSFULLY
Fri Jan 26 2018 12:29:58 GMT+0100 (CET)-FIND SUCESSFULLY
Fri Jan 26 2018 12:29:59 GMT+0100 (CET)-FIND SUCESSFULLY
Fri Jan 26 2018 12:30:00 GMT+0100 (CET)-FIND SUCESSFULLY
Fri Jan 26 2018 12:30:00 GMT+0100 (CET)-FIND SUCESSFULLY
Fri Jan 26 2018 12:30:01 GMT+0100 (CET)-FIND SUCESSFULLY
Fri Jan 26 2018 12:30:02 GMT+0100 (CET)-FIND SUCESSFULLY
Fri Jan 26 2018 12:30:03 GMT+0100 (CET)-FIND SUCESSFULLY
Fri Jan 26 2018 12:30:05 GMT+0100 (CET)-FIND SUCESSFULLY
Fri Jan 26 2018 12:30:25 GMT+0100 (CET)-FIND SUCESSFULLY
Fri Jan 26 2018 12:30:27 GMT+0100 (CET)-FIND SUCESSFULLY
Fri Jan 26 2018 12:30:28 GMT+0100 (CET)-FIND SUCESSFULLY
Fri Jan 26 2018 12:32:14 GMT+0100 (CET)-FIND SUCESSFULLY
Fri Jan 26 2018 12:32:15 GMT+0100 (CET)-FIND SUCESSFULLY
Fri Jan 26 2018 12:32:25 GMT+0100 (CET)-FIND SUCESSFULLY
Fri Jan 26 2018 12:32:33 GMT+0100 (CET)-FIND SUCESSFULLY
Fri Jan 26 2018 12:32:42 GMT+0100 (CET)-FIND SUCESSFULLY
Fri Jan 26 2018 12:32:46 GMT+0100 (CET)-FIND SUCESSFULLY
Fri Jan 26 2018 12:32:47 GMT+0100 (CET)-FIND SUCESSFULLY
Fri Jan 26 2018 12:32:52 GMT+0100 (CET)-FIND SUCESSFULLY
Fri Jan 26 2018 12:33:02 GMT+0100 (CET)-FIND SUCESSFULLY
Fri Jan 26 2018 12:33:05 GMT+0100 (CET)-FIND SUCESSFULLY
Fri Jan 26 2018 12:33:06 GMT+0100 (CET)-FIND SUCESSFULLY
Fri Jan 26 2018 12:33:08 GMT+0100 (CET)-FIND SUCESSFULLY
Fri Jan 26 2018 12:33:09 GMT+0100 (CET)-FIND SUCESSFULLY
Fri Jan 26 2018 12:33:57 GMT+0100 (CET)-FIND SUCESSFULLY
Fri Jan 26 2018 12:33:58 GMT+0100 (CET)-FIND SUCESSFULLY
Fri Jan 26 2018 12:34:11 GMT+0100 (CET)-FIND SUCESSFULLY
Fri Jan 26 2018 12:34:13 GMT+0100 (CET)-FIND SUCESSFULLY
Fri Jan 26 2018 12:34:30 GMT+0100 (CET)-FIND SUCESSFULLY
Fri Jan 26 2018 12:34:40 GMT+0100 (CET)-FIND SUCESSFULLY
Fri Jan 26 2018 12:35:12 GMT+0100 (CET)-FIND SUCESSFULLY
Fri Jan 26 2018 12:35:35 GMT+0100 (CET)-FIND SUCESSFULLY
Fri Jan 26 2018 12:36:04 GMT+0100 (CET)-FIND SUCESSFULLY
Fri Jan 26 2018 12:36:27 GMT+0100 (CET)-FIND SUCESSFULLY
Fri Jan 26 2018 12:36:51 GMT+0100 (CET)-FIND SUCESSFULLY
Fri Jan 26 2018 12:37:48 GMT+0100 (CET)-FIND SUCESSFULLY
Fri Jan 26 2018 12:37:55 GMT+0100 (CET)-FIND SUCESSFULLY
Fri Jan 26 2018 12:38:00 GMT+0100 (CET)-FIND SUCESSFULLY
Fri Jan 26 2018 12:38:02 GMT+0100 (CET)-FIND SUCESSFULLY
Fri Jan 26 2018 12:38:05 GMT+0100 (CET)-FIND SUCESSFULLY
Fri Jan 26 2018 12:38:25 GMT+0100 (CET)-FIND SUCESSFULLY
Fri Jan 26 2018 12:38:37 GMT+0100 (CET)-FIND SUCESSFULLY
Fri Jan 26 2018 12:39:19 GMT+0100 (CET)-FIND SUCESSFULLY
Fri Jan 26 2018 12:39:37 GMT+0100 (CET)-FIND SUCESSFULLY
Fri Jan 26 2018 12:39:40 GMT+0100 (CET)-FIND SUCESSFULLY
Fri Jan 26 2018 12:39:43 GMT+0100 (CET)-FIND SUCESSFULLY
Fri Jan 26 2018 12:40:39 GMT+0100 (CET)-FIND SUCESSFULLY
Fri Jan 26 2018 12:40:55 GMT+0100 (CET)-FIND SUCESSFULLY
Fri Jan 26 2018 12:44:19 GMT+0100 (CET)-FIND SUCESSFULLY
Fri Jan 26 2018 12:48:34 GMT+0100 (CET)-FIND SUCESSFULLY
Fri Jan 26 2018 12:49:05 GMT+0100 (CET)-FIND SUCESSFULLY
Fri Jan 26 2018 12:51:29 GMT+0100 (CET)-FIND SUCESSFULLY
Fri Jan 26 2018 12:51:46 GMT+0100 (CET)-FIND SUCESSFULLY
Fri Jan 26 2018 12:53:18 GMT+0100 (CET)-FIND SUCESSFULLY
Fri Jan 26 2018 12:53:39 GMT+0100 (CET)-FIND SUCESSFULLY
Fri Jan 26 2018 14:03:32 GMT+0100 (CET)-FIND SUCESSFULLY
Fri Jan 26 2018 14:03:41 GMT+0100 (CET)-FIND SUCESSFULLY
Fri Jan 26 2018 14:03:46 GMT+0100 (CET)-FIND SUCESSFULLY
Fri Jan 26 2018 14:05:57 GMT+0100 (CET)-FIND SUCESSFULLY
Fri Jan 26 2018 14:06:23 GMT+0100 (CET)-FIND SUCESSFULLY
Fri Jan 26 2018 14:06:24 GMT+0100 (CET)-FIND SUCESSFULLY
Fri Jan 26 2018 14:06:24 GMT+0100 (CET)-FIND SUCESSFULLY
Fri Jan 26 2018 14:06:38 GMT+0100 (CET)-FIND SUCESSFULLY
Fri Jan 26 2018 14:06:43 GMT+0100 (CET)-FIND SUCESSFULLY
Fri Jan 26 2018 14:06:43 GMT+0100 (CET)-FIND SUCESSFULLY
Fri Jan 26 2018 14:06:47 GMT+0100 (CET)-FIND SUCESSFULLY
Fri Jan 26 2018 14:08:45 GMT+0100 (CET)-FIND SUCESSFULLY
Fri Jan 26 2018 14:08:48 GMT+0100 (CET)-FIND SUCESSFULLY
Fri Jan 26 2018 14:08:48 GMT+0100 (CET)-FIND SUCESSFULLY
Fri Jan 26 2018 14:08:52 GMT+0100 (CET)-FIND SUCESSFULLY
Fri Jan 26 2018 14:08:53 GMT+0100 (CET)-FIND SUCESSFULLY
Fri Jan 26 2018 14:08:56 GMT+0100 (CET)-FIND SUCESSFULLY
Fri Jan 26 2018 14:09:30 GMT+0100 (CET)-FIND SUCESSFULLY
Fri Jan 26 2018 14:09:37 GMT+0100 (CET)-FIND SUCESSFULLY
Fri Jan 26 2018 14:10:13 GMT+0100 (CET)-FIND SUCESSFULLY
Fri Jan 26 2018 14:10:51 GMT+0100 (CET)-FIND SUCESSFULLY
Fri Jan 26 2018 14:10:55 GMT+0100 (CET)-FIND SUCESSFULLY
Fri Jan 26 2018 14:11:20 GMT+0100 (CET)-FIND SUCESSFULLY
Fri Jan 26 2018 14:19:26 GMT+0100 (CET)-FIND SUCESSFULLY
Fri Jan 26 2018 14:19:56 GMT+0100 (CET)-FIND SUCESSFULLY
Fri Jan 26 2018 14:19:58 GMT+0100 (CET)-FIND SUCESSFULLY
Fri Jan 26 2018 14:22:18 GMT+0100 (CET)-FIND SUCESSFULLY
Fri Jan 26 2018 14:22:20 GMT+0100 (CET)-FIND SUCESSFULLY
Fri Jan 26 2018 14:22:53 GMT+0100 (CET)-FIND SUCESSFULLY
Fri Jan 26 2018 14:22:55 GMT+0100 (CET)-FIND SUCESSFULLY
Fri Jan 26 2018 14:22:56 GMT+0100 (CET)-FIND SUCESSFULLY
Fri Jan 26 2018 14:23:24 GMT+0100 (CET)-FIND SUCESSFULLY
Fri Jan 26 2018 14:23:32 GMT+0100 (CET)-FIND SUCESSFULLY
Fri Jan 26 2018 14:23:33 GMT+0100 (CET)-FIND SUCESSFULLY
Fri Jan 26 2018 14:24:45 GMT+0100 (CET)-FIND SUCESSFULLY
Fri Jan 26 2018 14:24:46 GMT+0100 (CET)-FIND SUCESSFULLY
Fri Jan 26 2018 14:24:47 GMT+0100 (CET)-FIND SUCESSFULLY
Fri Jan 26 2018 14:24:50 GMT+0100 (CET)-FIND SUCESSFULLY
Fri Jan 26 2018 14:24:51 GMT+0100 (CET)-FIND SUCESSFULLY
Fri Jan 26 2018 14:25:03 GMT+0100 (CET)-FIND SUCESSFULLY
Fri Jan 26 2018 14:25:06 GMT+0100 (CET)-FIND SUCESSFULLY
Fri Jan 26 2018 14:25:09 GMT+0100 (CET)-FIND SUCESSFULLY
Fri Jan 26 2018 14:25:58 GMT+0100 (CET)-FIND SUCESSFULLY
Fri Jan 26 2018 14:26:00 GMT+0100 (CET)-FIND SUCESSFULLY
Fri Jan 26 2018 14:26:03 GMT+0100 (CET)-FIND SUCESSFULLY
Fri Jan 26 2018 14:26:06 GMT+0100 (CET)-FIND SUCESSFULLY
Fri Jan 26 2018 14:26:07 GMT+0100 (CET)-FIND SUCESSFULLY
Fri Jan 26 2018 14:26:18 GMT+0100 (CET)-FIND SUCESSFULLY
Fri Jan 26 2018 14:26:20 GMT+0100 (CET)-FIND SUCESSFULLY
Fri Jan 26 2018 14:26:22 GMT+0100 (CET)-FIND SUCESSFULLY
Fri Jan 26 2018 14:33:33 GMT+0100 (CET)-FIND SUCESSFULLY
Fri Jan 26 2018 14:33:35 GMT+0100 (CET)-FIND SUCESSFULLY
Fri Jan 26 2018 14:33:36 GMT+0100 (CET)-FIND SUCESSFULLY
Fri Jan 26 2018 14:40:56 GMT+0100 (CET)-FIND SUCESSFULLY
Fri Jan 26 2018 14:43:39 GMT+0100 (CET)-FIND SUCESSFULLY
Fri Jan 26 2018 14:56:50 GMT+0100 (CET)-FIND SUCESSFULLY
Fri Jan 26 2018 14:57:01 GMT+0100 (CET)-FIND SUCESSFULLY
Fri Jan 26 2018 14:58:10 GMT+0100 (CET)-FIND SUCESSFULLY
Fri Jan 26 2018 14:59:20 GMT+0100 (CET)-FIND SUCESSFULLY
Fri Jan 26 2018 15:01:25 GMT+0100 (CET)-FIND SUCESSFULLY
Fri Jan 26 2018 15:04:55 GMT+0100 (CET)-FIND SUCESSFULLY
Fri Jan 26 2018 15:07:26 GMT+0100 (CET)-FIND SUCESSFULLY
Fri Jan 26 2018 15:07:35 GMT+0100 (CET)-FIND SUCESSFULLY
Fri Jan 26 2018 15:07:43 GMT+0100 (CET)-FIND SUCESSFULLY
Fri Jan 26 2018 15:07:45 GMT+0100 (CET)-FIND SUCESSFULLY
Fri Jan 26 2018 15:08:48 GMT+0100 (CET)-FIND SUCESSFULLY
Fri Jan 26 2018 15:08:55 GMT+0100 (CET)-FIND SUCESSFULLY
Fri Jan 26 2018 15:09:00 GMT+0100 (CET)-FIND SUCESSFULLY
Fri Jan 26 2018 15:09:04 GMT+0100 (CET)-FIND SUCESSFULLY
Fri Jan 26 2018 15:09:07 GMT+0100 (CET)-FIND SUCESSFULLY
Fri Jan 26 2018 15:09:09 GMT+0100 (CET)-FIND SUCESSFULLY
Fri Jan 26 2018 15:09:11 GMT+0100 (CET)-FIND SUCESSFULLY
Fri Jan 26 2018 15:09:13 GMT+0100 (CET)-FIND SUCESSFULLY
Fri Jan 26 2018 15:09:16 GMT+0100 (CET)-FIND SUCESSFULLY
Fri Jan 26 2018 15:09:57 GMT+0100 (CET)-FIND SUCESSFULLY
Fri Jan 26 2018 15:09:59 GMT+0100 (CET)-FIND SUCESSFULLY
Fri Jan 26 2018 15:12:43 GMT+0100 (CET)-FIND SUCESSFULLY
Fri Jan 26 2018 15:14:09 GMT+0100 (CET)-FIND SUCESSFULLY
Fri Jan 26 2018 15:14:30 GMT+0100 (CET)-FIND SUCESSFULLY
Fri Jan 26 2018 15:14:33 GMT+0100 (CET)-FIND SUCESSFULLY
Fri Jan 26 2018 15:14:35 GMT+0100 (CET)-FIND SUCESSFULLY
Fri Jan 26 2018 15:14:52 GMT+0100 (CET)-FIND SUCESSFULLY
Fri Jan 26 2018 15:14:55 GMT+0100 (CET)-FIND SUCESSFULLY
Fri Jan 26 2018 15:14:59 GMT+0100 (CET)-FIND SUCESSFULLY
Fri Jan 26 2018 15:26:15 GMT+0100 (CET)-FIND SUCESSFULLY
Fri Jan 26 2018 15:36:28 GMT+0100 (CET)-FIND SUCESSFULLY
Fri Jan 26 2018 15:37:38 GMT+0100 (CET)-FIND SUCESSFULLY
Fri Jan 26 2018 15:37:50 GMT+0100 (CET)-FIND SUCESSFULLY
Fri Jan 26 2018 15:37:52 GMT+0100 (CET)-FIND SUCESSFULLY
Fri Jan 26 2018 15:37:55 GMT+0100 (CET)-FIND SUCESSFULLY
Fri Jan 26 2018 15:38:59 GMT+0100 (CET)-FIND SUCESSFULLY
Fri Jan 26 2018 15:39:03 GMT+0100 (CET)-FIND SUCESSFULLY
Fri Jan 26 2018 15:39:07 GMT+0100 (CET)-FIND SUCESSFULLY
Fri Jan 26 2018 15:39:12 GMT+0100 (CET)-FIND SUCESSFULLY
Fri Jan 26 2018 15:39:15 GMT+0100 (CET)-FIND SUCESSFULLY
Fri Jan 26 2018 15:39:17 GMT+0100 (CET)-FIND SUCESSFULLY
Fri Jan 26 2018 15:39:20 GMT+0100 (CET)-FIND SUCESSFULLY
Fri Jan 26 2018 15:39:24 GMT+0100 (CET)-FIND SUCESSFULLY
Fri Jan 26 2018 15:39:24 GMT+0100 (CET)-FIND SUCESSFULLY
Fri Jan 26 2018 15:49:41 GMT+0100 (CET)-FIND ERROR CastError: Cast to ObjectId failed for value "456" at path "_id" for model "Tasks"
Fri Jan 26 2018 15:49:41 GMT+0100 (CET)-FIND SUCESSFULLY
Fri Jan 26 2018 16:02:14 GMT+0100 (CET)-FIND SUCESSFULLY
Fri Jan 26 2018 16:02:19 GMT+0100 (CET)-FIND SUCESSFULLY
Fri Jan 26 2018 16:02:25 GMT+0100 (CET)-FIND SUCESSFULLY
Fri Jan 26 2018 16:06:10 GMT+0100 (CET)-FIND SUCESSFULLY
Fri Jan 26 2018 16:06:15 GMT+0100 (CET)-FIND SUCESSFULLY
Fri Jan 26 2018 16:06:28 GMT+0100 (CET)-FIND SUCESSFULLY
Fri Jan 26 2018 16:06:36 GMT+0100 (CET)-FIND SUCESSFULLY
Fri Jan 26 2018 16:06:40 GMT+0100 (CET)-FIND SUCESSFULLY
Fri Jan 26 2018 16:06:47 GMT+0100 (CET)-FIND SUCESSFULLY
Fri Jan 26 2018 16:06:49 GMT+0100 (CET)-FIND SUCESSFULLY
Fri Jan 26 2018 16:06:51 GMT+0100 (CET)-FIND SUCESSFULLY
Fri Jan 26 2018 16:06:58 GMT+0100 (CET)-FIND SUCESSFULLY
Fri Jan 26 2018 16:09:17 GMT+0100 (CET)-FIND SUCESSFULLY
Fri Jan 26 2018 16:20:22 GMT+0100 (CET)-FIND SUCESSFULLY
Fri Jan 26 2018 16:26:58 GMT+0100 (CET)-FIND SUCESSFULLY
Fri Jan 26 2018 16:28:18 GMT+0100 (CET)-FIND SUCESSFULLY
Fri Jan 26 2018 16:28:31 GMT+0100 (CET)-FIND SUCESSFULLY
Fri Jan 26 2018 16:28:41 GMT+0100 (CET)-FIND SUCESSFULLY
Fri Jan 26 2018 16:28:46 GMT+0100 (CET)-FIND SUCESSFULLY
Fri Jan 26 2018 16:29:16 GMT+0100 (CET)-FIND SUCESSFULLY
Fri Jan 26 2018 16:33:56 GMT+0100 (CET)-FIND SUCESSFULLY
Fri Jan 26 2018 16:37:25 GMT+0100 (CET)-FIND SUCESSFULLY
Fri Jan 26 2018 16:37:28 GMT+0100 (CET)-FIND SUCESSFULLY
Fri Jan 26 2018 16:37:30 GMT+0100 (CET)-FIND SUCESSFULLY
Fri Jan 26 2018 16:37:31 GMT+0100 (CET)-FIND SUCESSFULLY
Fri Jan 26 2018 16:37:35 GMT+0100 (CET)-FIND SUCESSFULLY
Fri Jan 26 2018 16:37:44 GMT+0100 (CET)-FIND SUCESSFULLY
Fri Jan 26 2018 16:38:01 GMT+0100 (CET)-FIND SUCESSFULLY
Fri Jan 26 2018 16:38:02 GMT+0100 (CET)-FIND SUCESSFULLY
Fri Jan 26 2018 16:38:02 GMT+0100 (CET)-FIND SUCESSFULLY
Fri Jan 26 2018 16:38:02 GMT+0100 (CET)-FIND SUCESSFULLY
Fri Jan 26 2018 16:38:02 GMT+0100 (CET)-FIND SUCESSFULLY
Fri Jan 26 2018 16:38:49 GMT+0100 (CET)-FIND SUCESSFULLY
Fri Jan 26 2018 16:38:54 GMT+0100 (CET)-FIND SUCESSFULLY
Fri Jan 26 2018 16:39:40 GMT+0100 (CET)-FIND SUCESSFULLY
Fri Jan 26 2018 16:39:42 GMT+0100 (CET)-FIND SUCESSFULLY
Fri Jan 26 2018 16:39:46 GMT+0100 (CET)-FIND SUCESSFULLY
Fri Jan 26 2018 16:40:15 GMT+0100 (CET)-FIND SUCESSFULLY
Fri Jan 26 2018 16:40:21 GMT+0100 (CET)-FIND SUCESSFULLY
Fri Jan 26 2018 16:41:58 GMT+0100 (CET)-FIND SUCESSFULLY
Fri Jan 26 2018 16:42:01 GMT+0100 (CET)-FIND SUCESSFULLY
Fri Jan 26 2018 16:44:23 GMT+0100 (CET)-FIND SUCESSFULLY
Fri Jan 26 2018 16:44:27 GMT+0100 (CET)-FIND SUCESSFULLY
Fri Jan 26 2018 16:47:03 GMT+0100 (CET)-FIND SUCESSFULLY
Fri Jan 26 2018 16:47:05 GMT+0100 (CET)-FIND SUCESSFULLY
Fri Jan 26 2018 16:47:08 GMT+0100 (CET)-FIND SUCESSFULLY
Fri Jan 26 2018 16:57:30 GMT+0100 (CET)-FIND SUCESSFULLY
Fri Jan 26 2018 16:57:32 GMT+0100 (CET)-FIND SUCESSFULLY
Fri Jan 26 2018 16:57:38 GMT+0100 (CET)-FIND SUCESSFULLY
Fri Jan 26 2018 16:57:40 GMT+0100 (CET)-FIND SUCESSFULLY
Fri Jan 26 2018 16:57:48 GMT+0100 (CET)-FIND SUCESSFULLY
Fri Jan 26 2018 16:57:53 GMT+0100 (CET)-FIND SUCESSFULLY
Fri Jan 26 2018 16:57:55 GMT+0100 (CET)-FIND SUCESSFULLY
Fri Jan 26 2018 16:57:58 GMT+0100 (CET)-FIND SUCESSFULLY
Fri Jan 26 2018 16:58:00 GMT+0100 (CET)-FIND SUCESSFULLY
